0 info it worked if it ends with ok
1 verbose cli [ '/usr/bin/node', '/usr/bin/npm', 'install' ]
2 info using npm@3.5.2
3 info using node@v8.10.0
4 silly loadCurrentTree Starting
5 silly install loadCurrentTree
6 silly install readLocalPackageData
7 silly install normalizeTree
8 silly loadCurrentTree Finishing
9 silly loadIdealTree Starting
10 silly install loadIdealTree
11 silly cloneCurrentTree Starting
12 silly install cloneCurrentTreeToIdealTree
13 silly cloneCurrentTree Finishing
14 silly loadShrinkwrap Starting
15 silly install loadShrinkwrap
16 silly loadShrinkwrap Finishing
17 silly loadAllDepsIntoIdealTree Starting
18 silly install loadAllDepsIntoIdealTree
19 silly fetchNamedPackageData fsevents
20 silly mapToRegistry name fsevents
21 silly mapToRegistry using default registry
22 silly mapToRegistry registry https://registry.npmjs.org/
23 silly mapToRegistry uri https://registry.npmjs.org/fsevents
24 verbose request uri https://registry.npmjs.org/fsevents
25 verbose request no auth needed
26 info attempt registry request try #1 at 22:53:47
27 verbose request id ebd58f08c6a3749c
28 verbose etag W/"b9228a09b9987792dd9d96bfeb0d7603"
29 verbose lastModified Tue, 30 Apr 2019 10:14:29 GMT
30 http request GET https://registry.npmjs.org/fsevents
31 http 200 https://registry.npmjs.org/fsevents
32 verbose headers { date: 'Mon, 27 May 2019 01:53:48 GMT',
32 verbose headers   'content-type': 'application/json',
32 verbose headers   'transfer-encoding': 'chunked',
32 verbose headers   connection: 'keep-alive',
32 verbose headers   'set-cookie':
32 verbose headers    [ '__cfduid=df1944fb91fa96d8d295bbb60474336ca1558922028; expires=Tue, 26-May-20 01:53:48 GMT; path=/; domain=.registry.npmjs.org; HttpOnly' ],
32 verbose headers   'cf-cache-status': 'HIT',
32 verbose headers   'cache-control': 'max-age=300',
32 verbose headers   'cf-ray': '4dd45b732f8887c2-GIG',
32 verbose headers   etag: 'W/"ec8d4eb97c775f79ec6d0bc1c3ba6d4f"',
32 verbose headers   'expect-ct': 'max-age=604800, report-uri="https://report-uri.cloudflare.com/cdn-cgi/beacon/expect-ct"',
32 verbose headers   'last-modified': 'Thu, 16 May 2019 13:28:59 GMT',
32 verbose headers   vary: 'accept-encoding, accept',
32 verbose headers   'x-amz-meta-rev': '163-88b33b9d24ebf2da96a4e2240471bf23',
32 verbose headers   server: 'cloudflare',
32 verbose headers   'content-encoding': 'gzip' }
33 silly get cb [ 200,
33 silly get   { date: 'Mon, 27 May 2019 01:53:48 GMT',
33 silly get     'content-type': 'application/json',
33 silly get     'transfer-encoding': 'chunked',
33 silly get     connection: 'keep-alive',
33 silly get     'set-cookie':
33 silly get      [ '__cfduid=df1944fb91fa96d8d295bbb60474336ca1558922028; expires=Tue, 26-May-20 01:53:48 GMT; path=/; domain=.registry.npmjs.org; HttpOnly' ],
33 silly get     'cf-cache-status': 'HIT',
33 silly get     'cache-control': 'max-age=300',
33 silly get     'cf-ray': '4dd45b732f8887c2-GIG',
33 silly get     etag: 'W/"ec8d4eb97c775f79ec6d0bc1c3ba6d4f"',
33 silly get     'expect-ct': 'max-age=604800, report-uri="https://report-uri.cloudflare.com/cdn-cgi/beacon/expect-ct"',
33 silly get     'last-modified': 'Thu, 16 May 2019 13:28:59 GMT',
33 silly get     vary: 'accept-encoding, accept',
33 silly get     'x-amz-meta-rev': '163-88b33b9d24ebf2da96a4e2240471bf23',
33 silly get     server: 'cloudflare',
33 silly get     'content-encoding': 'gzip' } ]
34 verbose get saving fsevents to /home/mateus/.npm/registry.npmjs.org/fsevents/.cache.json
35 silly resolveWithNewModule fsevents@1.2.9 checking installable status
36 silly loadAllDepsIntoIdealTree Finishing
37 silly idealTree:prePrune bussiness_hawk@1.0.0
37 silly idealTree:prePrune ├── abbrev@1.1.1
37 silly idealTree:prePrune ├── accepts@1.3.7
37 silly idealTree:prePrune ├── ansi-align@2.0.0
37 silly idealTree:prePrune ├── ansi-regex@3.0.0
37 silly idealTree:prePrune ├── ansi-styles@3.2.1
37 silly idealTree:prePrune ├─┬ anymatch@2.0.0
37 silly idealTree:prePrune │ └── normalize-path@2.1.1
37 silly idealTree:prePrune ├── arr-diff@4.0.0
37 silly idealTree:prePrune ├── arr-flatten@1.1.0
37 silly idealTree:prePrune ├── arr-union@3.1.0
37 silly idealTree:prePrune ├── array-flatten@1.1.1
37 silly idealTree:prePrune ├── array-unique@0.3.2
37 silly idealTree:prePrune ├── assign-symbols@1.0.0
37 silly idealTree:prePrune ├── async-each@1.0.3
37 silly idealTree:prePrune ├── atob@2.1.2
37 silly idealTree:prePrune ├── balanced-match@1.0.0
37 silly idealTree:prePrune ├─┬ base@0.11.2
37 silly idealTree:prePrune │ ├── define-property@1.0.0
37 silly idealTree:prePrune │ ├── is-accessor-descriptor@1.0.0
37 silly idealTree:prePrune │ ├── is-data-descriptor@1.0.0
37 silly idealTree:prePrune │ └── is-descriptor@1.0.2
37 silly idealTree:prePrune ├── binary-extensions@1.13.1
37 silly idealTree:prePrune ├── bluebird@3.4.7
37 silly idealTree:prePrune ├── body-parser@1.19.0
37 silly idealTree:prePrune ├── boxen@1.3.0
37 silly idealTree:prePrune ├── brace-expansion@1.1.11
37 silly idealTree:prePrune ├─┬ braces@2.3.2
37 silly idealTree:prePrune │ └── extend-shallow@2.0.1
37 silly idealTree:prePrune ├── buffer-writer@2.0.0
37 silly idealTree:prePrune ├── bytes@3.1.0
37 silly idealTree:prePrune ├── cache-base@1.0.1
37 silly idealTree:prePrune ├── camelcase@4.1.0
37 silly idealTree:prePrune ├── capture-stack-trace@1.0.1
37 silly idealTree:prePrune ├── chalk@2.4.2
37 silly idealTree:prePrune ├── chokidar@2.1.5
37 silly idealTree:prePrune ├── ci-info@1.6.0
37 silly idealTree:prePrune ├─┬ class-utils@0.3.6
37 silly idealTree:prePrune │ └── define-property@0.2.5
37 silly idealTree:prePrune ├── cli-boxes@1.0.0
37 silly idealTree:prePrune ├── collection-visit@1.0.0
37 silly idealTree:prePrune ├── color-convert@1.9.3
37 silly idealTree:prePrune ├── color-name@1.1.3
37 silly idealTree:prePrune ├── component-emitter@1.3.0
37 silly idealTree:prePrune ├── concat-map@0.0.1
37 silly idealTree:prePrune ├── configstore@3.1.2
37 silly idealTree:prePrune ├── consign@0.1.6
37 silly idealTree:prePrune ├── content-disposition@0.5.2
37 silly idealTree:prePrune ├── content-type@1.0.4
37 silly idealTree:prePrune ├── cookie-signature@1.0.6
37 silly idealTree:prePrune ├── cookie@0.3.1
37 silly idealTree:prePrune ├── copy-descriptor@0.1.1
37 silly idealTree:prePrune ├── core-util-is@1.0.2
37 silly idealTree:prePrune ├── create-error-class@3.0.2
37 silly idealTree:prePrune ├── cross-spawn@5.1.0
37 silly idealTree:prePrune ├── crypto-random-string@1.0.0
37 silly idealTree:prePrune ├── debug@2.6.9
37 silly idealTree:prePrune ├── decode-uri-component@0.2.0
37 silly idealTree:prePrune ├── deep-extend@0.6.0
37 silly idealTree:prePrune ├─┬ define-property@2.0.2
37 silly idealTree:prePrune │ ├── is-accessor-descriptor@1.0.0
37 silly idealTree:prePrune │ ├── is-data-descriptor@1.0.0
37 silly idealTree:prePrune │ └── is-descriptor@1.0.2
37 silly idealTree:prePrune ├── depd@1.1.2
37 silly idealTree:prePrune ├── destroy@1.0.4
37 silly idealTree:prePrune ├── dot-prop@4.2.0
37 silly idealTree:prePrune ├── duplexer3@0.1.4
37 silly idealTree:prePrune ├── ee-first@1.1.1
37 silly idealTree:prePrune ├── ejs@2.6.1
37 silly idealTree:prePrune ├── encodeurl@1.0.2
37 silly idealTree:prePrune ├── escape-html@1.0.3
37 silly idealTree:prePrune ├── escape-string-regexp@1.0.5
37 silly idealTree:prePrune ├── etag@1.8.1
37 silly idealTree:prePrune ├── execa@0.7.0
37 silly idealTree:prePrune ├─┬ expand-brackets@2.1.4
37 silly idealTree:prePrune │ ├── define-property@0.2.5
37 silly idealTree:prePrune │ └── extend-shallow@2.0.1
37 silly idealTree:prePrune ├── express-validator@2.21.0
37 silly idealTree:prePrune ├─┬ express@4.16.4
37 silly idealTree:prePrune │ ├── body-parser@1.18.3
37 silly idealTree:prePrune │ ├── bytes@3.0.0
37 silly idealTree:prePrune │ ├── http-errors@1.6.3
37 silly idealTree:prePrune │ ├── iconv-lite@0.4.23
37 silly idealTree:prePrune │ ├── qs@6.5.2
37 silly idealTree:prePrune │ ├── raw-body@2.3.3
37 silly idealTree:prePrune │ ├── setprototypeof@1.1.0
37 silly idealTree:prePrune │ └── statuses@1.4.0
37 silly idealTree:prePrune ├─┬ extend-shallow@3.0.2
37 silly idealTree:prePrune │ └── is-extendable@1.0.1
37 silly idealTree:prePrune ├─┬ extglob@2.0.4
37 silly idealTree:prePrune │ ├── define-property@1.0.0
37 silly idealTree:prePrune │ ├── extend-shallow@2.0.1
37 silly idealTree:prePrune │ ├── is-accessor-descriptor@1.0.0
37 silly idealTree:prePrune │ ├── is-data-descriptor@1.0.0
37 silly idealTree:prePrune │ └── is-descriptor@1.0.2
37 silly idealTree:prePrune ├─┬ fill-range@4.0.0
37 silly idealTree:prePrune │ └── extend-shallow@2.0.1
37 silly idealTree:prePrune ├─┬ finalhandler@1.1.1
37 silly idealTree:prePrune │ └── statuses@1.4.0
37 silly idealTree:prePrune ├── for-in@1.0.2
37 silly idealTree:prePrune ├── forwarded@0.1.2
37 silly idealTree:prePrune ├── fragment-cache@0.2.1
37 silly idealTree:prePrune ├── fresh@0.5.2
37 silly idealTree:prePrune ├── get-stream@3.0.0
37 silly idealTree:prePrune ├── get-value@2.0.6
37 silly idealTree:prePrune ├─┬ glob-parent@3.1.0
37 silly idealTree:prePrune │ └── is-glob@3.1.0
37 silly idealTree:prePrune ├── global-dirs@0.1.1
37 silly idealTree:prePrune ├── got@6.7.1
37 silly idealTree:prePrune ├── graceful-fs@4.1.15
37 silly idealTree:prePrune ├── has-flag@3.0.0
37 silly idealTree:prePrune ├── has-value@1.0.0
37 silly idealTree:prePrune ├─┬ has-values@1.0.0
37 silly idealTree:prePrune │ └── kind-of@4.0.0
37 silly idealTree:prePrune ├── http-errors@1.7.2
37 silly idealTree:prePrune ├── iconv-lite@0.4.24
37 silly idealTree:prePrune ├── ignore-by-default@1.0.1
37 silly idealTree:prePrune ├── import-lazy@2.1.0
37 silly idealTree:prePrune ├── imurmurhash@0.1.4
37 silly idealTree:prePrune ├── inherits@2.0.3
37 silly idealTree:prePrune ├── ini@1.3.5
37 silly idealTree:prePrune ├── ipaddr.js@1.9.0
37 silly idealTree:prePrune ├─┬ is-accessor-descriptor@0.1.6
37 silly idealTree:prePrune │ └── kind-of@3.2.2
37 silly idealTree:prePrune ├── is-binary-path@1.0.1
37 silly idealTree:prePrune ├── is-buffer@1.1.6
37 silly idealTree:prePrune ├── is-ci@1.2.1
37 silly idealTree:prePrune ├─┬ is-data-descriptor@0.1.4
37 silly idealTree:prePrune │ └── kind-of@3.2.2
37 silly idealTree:prePrune ├─┬ is-descriptor@0.1.6
37 silly idealTree:prePrune │ └── kind-of@5.1.0
37 silly idealTree:prePrune ├── is-extendable@0.1.1
37 silly idealTree:prePrune ├── is-extglob@2.1.1
37 silly idealTree:prePrune ├── is-fullwidth-code-point@2.0.0
37 silly idealTree:prePrune ├── is-glob@4.0.1
37 silly idealTree:prePrune ├── is-installed-globally@0.1.0
37 silly idealTree:prePrune ├── is-npm@1.0.0
37 silly idealTree:prePrune ├─┬ is-number@3.0.0
37 silly idealTree:prePrune │ └── kind-of@3.2.2
37 silly idealTree:prePrune ├── is-obj@1.0.1
37 silly idealTree:prePrune ├── is-path-inside@1.0.1
37 silly idealTree:prePrune ├── is-plain-object@2.0.4
37 silly idealTree:prePrune ├── is-redirect@1.0.0
37 silly idealTree:prePrune ├── is-retry-allowed@1.1.0
37 silly idealTree:prePrune ├── is-stream@1.1.0
37 silly idealTree:prePrune ├── is-windows@1.0.2
37 silly idealTree:prePrune ├── isarray@1.0.0
37 silly idealTree:prePrune ├── isexe@2.0.0
37 silly idealTree:prePrune ├── isobject@3.0.1
37 silly idealTree:prePrune ├── kind-of@6.0.2
37 silly idealTree:prePrune ├── latest-version@3.1.0
37 silly idealTree:prePrune ├── lodash@4.16.6
37 silly idealTree:prePrune ├── lowercase-keys@1.0.1
37 silly idealTree:prePrune ├── lru-cache@4.1.5
37 silly idealTree:prePrune ├── make-dir@1.3.0
37 silly idealTree:prePrune ├── map-cache@0.2.2
37 silly idealTree:prePrune ├── map-visit@1.0.0
37 silly idealTree:prePrune ├── media-typer@0.3.0
37 silly idealTree:prePrune ├── merge-descriptors@1.0.1
37 silly idealTree:prePrune ├── methods@1.1.2
37 silly idealTree:prePrune ├── micromatch@3.1.10
37 silly idealTree:prePrune ├── mime-db@1.40.0
37 silly idealTree:prePrune ├── mime-types@2.1.24
37 silly idealTree:prePrune ├── mime@1.4.1
37 silly idealTree:prePrune ├── minimatch@3.0.4
37 silly idealTree:prePrune ├── minimist@1.2.0
37 silly idealTree:prePrune ├─┬ mixin-deep@1.3.1
37 silly idealTree:prePrune │ └── is-extendable@1.0.1
37 silly idealTree:prePrune ├── ms@2.0.0
37 silly idealTree:prePrune ├── nanomatch@1.2.13
37 silly idealTree:prePrune ├── negotiator@0.6.2
37 silly idealTree:prePrune ├── nodemailer@6.1.1
37 silly idealTree:prePrune ├─┬ nodemon@1.19.0
37 silly idealTree:prePrune │ ├── debug@3.2.6
37 silly idealTree:prePrune │ └── ms@2.1.1
37 silly idealTree:prePrune ├── nopt@1.0.10
37 silly idealTree:prePrune ├── normalize-path@3.0.0
37 silly idealTree:prePrune ├── npm-run-path@2.0.2
37 silly idealTree:prePrune ├─┬ object-copy@0.1.0
37 silly idealTree:prePrune │ ├── define-property@0.2.5
37 silly idealTree:prePrune │ └── kind-of@3.2.2
37 silly idealTree:prePrune ├── object-visit@1.0.1
37 silly idealTree:prePrune ├── object.pick@1.3.0
37 silly idealTree:prePrune ├── on-finished@2.3.0
37 silly idealTree:prePrune ├── p-finally@1.0.0
37 silly idealTree:prePrune ├── package-json@4.0.1
37 silly idealTree:prePrune ├── packet-reader@1.0.0
37 silly idealTree:prePrune ├── parseurl@1.3.3
37 silly idealTree:prePrune ├── pascalcase@0.1.1
37 silly idealTree:prePrune ├── path-dirname@1.0.2
37 silly idealTree:prePrune ├── path-is-absolute@1.0.1
37 silly idealTree:prePrune ├── path-is-inside@1.0.2
37 silly idealTree:prePrune ├── path-key@2.0.1
37 silly idealTree:prePrune ├── path-to-regexp@0.1.7
37 silly idealTree:prePrune ├── pg-connection-string@0.1.3
37 silly idealTree:prePrune ├── pg-int8@1.0.1
37 silly idealTree:prePrune ├── pg-pool@2.0.6
37 silly idealTree:prePrune ├── pg-types@2.0.1
37 silly idealTree:prePrune ├─┬ pg@7.10.0
37 silly idealTree:prePrune │ └── semver@4.3.2
37 silly idealTree:prePrune ├── pgpass@1.0.2
37 silly idealTree:prePrune ├── pify@3.0.0
37 silly idealTree:prePrune ├── posix-character-classes@0.1.1
37 silly idealTree:prePrune ├── postgres-array@2.0.0
37 silly idealTree:prePrune ├── postgres-bytea@1.0.0
37 silly idealTree:prePrune ├── postgres-date@1.0.4
37 silly idealTree:prePrune ├── postgres-interval@1.2.0
37 silly idealTree:prePrune ├── prepend-http@1.0.4
37 silly idealTree:prePrune ├── process-nextick-args@2.0.0
37 silly idealTree:prePrune ├── proxy-addr@2.0.5
37 silly idealTree:prePrune ├── pseudomap@1.0.2
37 silly idealTree:prePrune ├── pstree.remy@1.1.6
37 silly idealTree:prePrune ├── qs@6.7.0
37 silly idealTree:prePrune ├── range-parser@1.2.0
37 silly idealTree:prePrune ├── raw-body@2.4.0
37 silly idealTree:prePrune ├── rc@1.2.8
37 silly idealTree:prePrune ├── readable-stream@2.3.6
37 silly idealTree:prePrune ├── readdirp@2.2.1
37 silly idealTree:prePrune ├── regex-not@1.0.2
37 silly idealTree:prePrune ├── registry-auth-token@3.4.0
37 silly idealTree:prePrune ├── registry-url@3.1.0
37 silly idealTree:prePrune ├── remove-trailing-separator@1.1.0
37 silly idealTree:prePrune ├── repeat-element@1.1.3
37 silly idealTree:prePrune ├── repeat-string@1.6.1
37 silly idealTree:prePrune ├── resolve-url@0.2.1
37 silly idealTree:prePrune ├── ret@0.1.15
37 silly idealTree:prePrune ├── safe-buffer@5.1.2
37 silly idealTree:prePrune ├── safe-regex@1.1.0
37 silly idealTree:prePrune ├── safer-buffer@2.1.2
37 silly idealTree:prePrune ├── semver-diff@2.1.0
37 silly idealTree:prePrune ├── semver@5.7.0
37 silly idealTree:prePrune ├─┬ send@0.16.2
37 silly idealTree:prePrune │ ├── http-errors@1.6.3
37 silly idealTree:prePrune │ ├── setprototypeof@1.1.0
37 silly idealTree:prePrune │ └── statuses@1.4.0
37 silly idealTree:prePrune ├── serve-static@1.13.2
37 silly idealTree:prePrune ├─┬ set-value@2.0.0
37 silly idealTree:prePrune │ └── extend-shallow@2.0.1
37 silly idealTree:prePrune ├── setprototypeof@1.1.1
37 silly idealTree:prePrune ├── shebang-command@1.2.0
37 silly idealTree:prePrune ├── shebang-regex@1.0.0
37 silly idealTree:prePrune ├── signal-exit@3.0.2
37 silly idealTree:prePrune ├─┬ snapdragon-node@2.1.1
37 silly idealTree:prePrune │ ├── define-property@1.0.0
37 silly idealTree:prePrune │ ├── is-accessor-descriptor@1.0.0
37 silly idealTree:prePrune │ ├── is-data-descriptor@1.0.0
37 silly idealTree:prePrune │ └── is-descriptor@1.0.2
37 silly idealTree:prePrune ├─┬ snapdragon-util@3.0.1
37 silly idealTree:prePrune │ └── kind-of@3.2.2
37 silly idealTree:prePrune ├─┬ snapdragon@0.8.2
37 silly idealTree:prePrune │ ├── define-property@0.2.5
37 silly idealTree:prePrune │ └── extend-shallow@2.0.1
37 silly idealTree:prePrune ├── source-map-resolve@0.5.2
37 silly idealTree:prePrune ├── source-map-url@0.4.0
37 silly idealTree:prePrune ├── source-map@0.5.7
37 silly idealTree:prePrune ├── split-string@3.1.0
37 silly idealTree:prePrune ├── split@1.0.1
37 silly idealTree:prePrune ├─┬ static-extend@0.1.2
37 silly idealTree:prePrune │ └── define-property@0.2.5
37 silly idealTree:prePrune ├── statuses@1.5.0
37 silly idealTree:prePrune ├── string_decoder@1.1.1
37 silly idealTree:prePrune ├── string-width@2.1.1
37 silly idealTree:prePrune ├── strip-ansi@4.0.0
37 silly idealTree:prePrune ├── strip-eof@1.0.0
37 silly idealTree:prePrune ├── strip-json-comments@2.0.1
37 silly idealTree:prePrune ├── supports-color@5.5.0
37 silly idealTree:prePrune ├── term-size@1.2.0
37 silly idealTree:prePrune ├── through@2.3.8
37 silly idealTree:prePrune ├── timed-out@4.0.1
37 silly idealTree:prePrune ├─┬ to-object-path@0.3.0
37 silly idealTree:prePrune │ └── kind-of@3.2.2
37 silly idealTree:prePrune ├── to-regex-range@2.1.1
37 silly idealTree:prePrune ├── to-regex@3.0.2
37 silly idealTree:prePrune ├── toidentifier@1.0.0
37 silly idealTree:prePrune ├── touch@3.1.0
37 silly idealTree:prePrune ├── type-is@1.6.18
37 silly idealTree:prePrune ├── undefsafe@2.0.2
37 silly idealTree:prePrune ├─┬ union-value@1.0.0
37 silly idealTree:prePrune │ ├── extend-shallow@2.0.1
37 silly idealTree:prePrune │ └── set-value@0.4.3
37 silly idealTree:prePrune ├── unique-string@1.0.0
37 silly idealTree:prePrune ├── unpipe@1.0.0
37 silly idealTree:prePrune ├─┬ unset-value@1.0.0
37 silly idealTree:prePrune │ ├─┬ has-value@0.3.1
37 silly idealTree:prePrune │ │ └── isobject@2.1.0
37 silly idealTree:prePrune │ └── has-values@0.1.4
37 silly idealTree:prePrune ├── unzip-response@2.0.1
37 silly idealTree:prePrune ├── upath@1.1.2
37 silly idealTree:prePrune ├── update-notifier@2.5.0
37 silly idealTree:prePrune ├── urix@0.1.0
37 silly idealTree:prePrune ├── url-parse-lax@1.0.0
37 silly idealTree:prePrune ├── use@3.1.1
37 silly idealTree:prePrune ├── util-deprecate@1.0.2
37 silly idealTree:prePrune ├── utils-merge@1.0.1
37 silly idealTree:prePrune ├── validator@5.7.0
37 silly idealTree:prePrune ├── vary@1.1.2
37 silly idealTree:prePrune ├── which@1.3.1
37 silly idealTree:prePrune ├── widest-line@2.0.1
37 silly idealTree:prePrune ├── write-file-atomic@2.4.2
37 silly idealTree:prePrune ├── xdg-basedir@3.0.0
37 silly idealTree:prePrune ├── xtend@4.0.1
37 silly idealTree:prePrune └── yallist@2.1.2
38 silly loadIdealTree Finishing
39 silly currentTree bussiness_hawk@1.0.0
39 silly currentTree ├── abbrev@1.1.1
39 silly currentTree ├── accepts@1.3.7
39 silly currentTree ├── ansi-align@2.0.0
39 silly currentTree ├── ansi-regex@3.0.0
39 silly currentTree ├── ansi-styles@3.2.1
39 silly currentTree ├─┬ anymatch@2.0.0
39 silly currentTree │ └── normalize-path@2.1.1
39 silly currentTree ├── arr-diff@4.0.0
39 silly currentTree ├── arr-flatten@1.1.0
39 silly currentTree ├── arr-union@3.1.0
39 silly currentTree ├── array-flatten@1.1.1
39 silly currentTree ├── array-unique@0.3.2
39 silly currentTree ├── assign-symbols@1.0.0
39 silly currentTree ├── async-each@1.0.3
39 silly currentTree ├── atob@2.1.2
39 silly currentTree ├── balanced-match@1.0.0
39 silly currentTree ├─┬ base@0.11.2
39 silly currentTree │ ├── define-property@1.0.0
39 silly currentTree │ ├── is-accessor-descriptor@1.0.0
39 silly currentTree │ ├── is-data-descriptor@1.0.0
39 silly currentTree │ └── is-descriptor@1.0.2
39 silly currentTree ├── binary-extensions@1.13.1
39 silly currentTree ├── bluebird@3.4.7
39 silly currentTree ├── body-parser@1.19.0
39 silly currentTree ├── boxen@1.3.0
39 silly currentTree ├── brace-expansion@1.1.11
39 silly currentTree ├─┬ braces@2.3.2
39 silly currentTree │ └── extend-shallow@2.0.1
39 silly currentTree ├── buffer-writer@2.0.0
39 silly currentTree ├── bytes@3.1.0
39 silly currentTree ├── cache-base@1.0.1
39 silly currentTree ├── camelcase@4.1.0
39 silly currentTree ├── capture-stack-trace@1.0.1
39 silly currentTree ├── chalk@2.4.2
39 silly currentTree ├── chokidar@2.1.5
39 silly currentTree ├── ci-info@1.6.0
39 silly currentTree ├─┬ class-utils@0.3.6
39 silly currentTree │ └── define-property@0.2.5
39 silly currentTree ├── cli-boxes@1.0.0
39 silly currentTree ├── collection-visit@1.0.0
39 silly currentTree ├── color-convert@1.9.3
39 silly currentTree ├── color-name@1.1.3
39 silly currentTree ├── component-emitter@1.3.0
39 silly currentTree ├── concat-map@0.0.1
39 silly currentTree ├── configstore@3.1.2
39 silly currentTree ├── consign@0.1.6
39 silly currentTree ├── content-disposition@0.5.2
39 silly currentTree ├── content-type@1.0.4
39 silly currentTree ├── cookie-signature@1.0.6
39 silly currentTree ├── cookie@0.3.1
39 silly currentTree ├── copy-descriptor@0.1.1
39 silly currentTree ├── core-util-is@1.0.2
39 silly currentTree ├── create-error-class@3.0.2
39 silly currentTree ├── cross-spawn@5.1.0
39 silly currentTree ├── crypto-random-string@1.0.0
39 silly currentTree ├── debug@2.6.9
39 silly currentTree ├── decode-uri-component@0.2.0
39 silly currentTree ├── deep-extend@0.6.0
39 silly currentTree ├─┬ define-property@2.0.2
39 silly currentTree │ ├── is-accessor-descriptor@1.0.0
39 silly currentTree │ ├── is-data-descriptor@1.0.0
39 silly currentTree │ └── is-descriptor@1.0.2
39 silly currentTree ├── depd@1.1.2
39 silly currentTree ├── destroy@1.0.4
39 silly currentTree ├── dot-prop@4.2.0
39 silly currentTree ├── duplexer3@0.1.4
39 silly currentTree ├── ee-first@1.1.1
39 silly currentTree ├── ejs@2.6.1
39 silly currentTree ├── encodeurl@1.0.2
39 silly currentTree ├── escape-html@1.0.3
39 silly currentTree ├── escape-string-regexp@1.0.5
39 silly currentTree ├── etag@1.8.1
39 silly currentTree ├── execa@0.7.0
39 silly currentTree ├─┬ expand-brackets@2.1.4
39 silly currentTree │ ├── define-property@0.2.5
39 silly currentTree │ └── extend-shallow@2.0.1
39 silly currentTree ├── express-validator@2.21.0
39 silly currentTree ├─┬ express@4.16.4
39 silly currentTree │ ├── body-parser@1.18.3
39 silly currentTree │ ├── bytes@3.0.0
39 silly currentTree │ ├── http-errors@1.6.3
39 silly currentTree │ ├── iconv-lite@0.4.23
39 silly currentTree │ ├── qs@6.5.2
39 silly currentTree │ ├── raw-body@2.3.3
39 silly currentTree │ ├── setprototypeof@1.1.0
39 silly currentTree │ └── statuses@1.4.0
39 silly currentTree ├─┬ extend-shallow@3.0.2
39 silly currentTree │ └── is-extendable@1.0.1
39 silly currentTree ├─┬ extglob@2.0.4
39 silly currentTree │ ├── define-property@1.0.0
39 silly currentTree │ ├── extend-shallow@2.0.1
39 silly currentTree │ ├── is-accessor-descriptor@1.0.0
39 silly currentTree │ ├── is-data-descriptor@1.0.0
39 silly currentTree │ └── is-descriptor@1.0.2
39 silly currentTree ├─┬ fill-range@4.0.0
39 silly currentTree │ └── extend-shallow@2.0.1
39 silly currentTree ├─┬ finalhandler@1.1.1
39 silly currentTree │ └── statuses@1.4.0
39 silly currentTree ├── for-in@1.0.2
39 silly currentTree ├── forwarded@0.1.2
39 silly currentTree ├── fragment-cache@0.2.1
39 silly currentTree ├── fresh@0.5.2
39 silly currentTree ├── get-stream@3.0.0
39 silly currentTree ├── get-value@2.0.6
39 silly currentTree ├─┬ glob-parent@3.1.0
39 silly currentTree │ └── is-glob@3.1.0
39 silly currentTree ├── global-dirs@0.1.1
39 silly currentTree ├── got@6.7.1
39 silly currentTree ├── graceful-fs@4.1.15
39 silly currentTree ├── has-flag@3.0.0
39 silly currentTree ├── has-value@1.0.0
39 silly currentTree ├─┬ has-values@1.0.0
39 silly currentTree │ └── kind-of@4.0.0
39 silly currentTree ├── http-errors@1.7.2
39 silly currentTree ├── iconv-lite@0.4.24
39 silly currentTree ├── ignore-by-default@1.0.1
39 silly currentTree ├── import-lazy@2.1.0
39 silly currentTree ├── imurmurhash@0.1.4
39 silly currentTree ├── inherits@2.0.3
39 silly currentTree ├── ini@1.3.5
39 silly currentTree ├── ipaddr.js@1.9.0
39 silly currentTree ├─┬ is-accessor-descriptor@0.1.6
39 silly currentTree │ └── kind-of@3.2.2
39 silly currentTree ├── is-binary-path@1.0.1
39 silly currentTree ├── is-buffer@1.1.6
39 silly currentTree ├── is-ci@1.2.1
39 silly currentTree ├─┬ is-data-descriptor@0.1.4
39 silly currentTree │ └── kind-of@3.2.2
39 silly currentTree ├─┬ is-descriptor@0.1.6
39 silly currentTree │ └── kind-of@5.1.0
39 silly currentTree ├── is-extendable@0.1.1
39 silly currentTree ├── is-extglob@2.1.1
39 silly currentTree ├── is-fullwidth-code-point@2.0.0
39 silly currentTree ├── is-glob@4.0.1
39 silly currentTree ├── is-installed-globally@0.1.0
39 silly currentTree ├── is-npm@1.0.0
39 silly currentTree ├─┬ is-number@3.0.0
39 silly currentTree │ └── kind-of@3.2.2
39 silly currentTree ├── is-obj@1.0.1
39 silly currentTree ├── is-path-inside@1.0.1
39 silly currentTree ├── is-plain-object@2.0.4
39 silly currentTree ├── is-redirect@1.0.0
39 silly currentTree ├── is-retry-allowed@1.1.0
39 silly currentTree ├── is-stream@1.1.0
39 silly currentTree ├── is-windows@1.0.2
39 silly currentTree ├── isarray@1.0.0
39 silly currentTree ├── isexe@2.0.0
39 silly currentTree ├── isobject@3.0.1
39 silly currentTree ├── kind-of@6.0.2
39 silly currentTree ├── latest-version@3.1.0
39 silly currentTree ├── lodash@4.16.6
39 silly currentTree ├── lowercase-keys@1.0.1
39 silly currentTree ├── lru-cache@4.1.5
39 silly currentTree ├── make-dir@1.3.0
39 silly currentTree ├── map-cache@0.2.2
39 silly currentTree ├── map-visit@1.0.0
39 silly currentTree ├── media-typer@0.3.0
39 silly currentTree ├── merge-descriptors@1.0.1
39 silly currentTree ├── methods@1.1.2
39 silly currentTree ├── micromatch@3.1.10
39 silly currentTree ├── mime-db@1.40.0
39 silly currentTree ├── mime-types@2.1.24
39 silly currentTree ├── mime@1.4.1
39 silly currentTree ├── minimatch@3.0.4
39 silly currentTree ├── minimist@1.2.0
39 silly currentTree ├─┬ mixin-deep@1.3.1
39 silly currentTree │ └── is-extendable@1.0.1
39 silly currentTree ├── ms@2.0.0
39 silly currentTree ├── nanomatch@1.2.13
39 silly currentTree ├── negotiator@0.6.2
39 silly currentTree ├── nodemailer@6.1.1
39 silly currentTree ├─┬ nodemon@1.19.0
39 silly currentTree │ ├── debug@3.2.6
39 silly currentTree │ └── ms@2.1.1
39 silly currentTree ├── nopt@1.0.10
39 silly currentTree ├── normalize-path@3.0.0
39 silly currentTree ├── npm-run-path@2.0.2
39 silly currentTree ├─┬ object-copy@0.1.0
39 silly currentTree │ ├── define-property@0.2.5
39 silly currentTree │ └── kind-of@3.2.2
39 silly currentTree ├── object-visit@1.0.1
39 silly currentTree ├── object.pick@1.3.0
39 silly currentTree ├── on-finished@2.3.0
39 silly currentTree ├── p-finally@1.0.0
39 silly currentTree ├── package-json@4.0.1
39 silly currentTree ├── packet-reader@1.0.0
39 silly currentTree ├── parseurl@1.3.3
39 silly currentTree ├── pascalcase@0.1.1
39 silly currentTree ├── path-dirname@1.0.2
39 silly currentTree ├── path-is-absolute@1.0.1
39 silly currentTree ├── path-is-inside@1.0.2
39 silly currentTree ├── path-key@2.0.1
39 silly currentTree ├── path-to-regexp@0.1.7
39 silly currentTree ├── pg-connection-string@0.1.3
39 silly currentTree ├── pg-int8@1.0.1
39 silly currentTree ├── pg-pool@2.0.6
39 silly currentTree ├── pg-types@2.0.1
39 silly currentTree ├─┬ pg@7.10.0
39 silly currentTree │ └── semver@4.3.2
39 silly currentTree ├── pgpass@1.0.2
39 silly currentTree ├── pify@3.0.0
39 silly currentTree ├── posix-character-classes@0.1.1
39 silly currentTree ├── postgres-array@2.0.0
39 silly currentTree ├── postgres-bytea@1.0.0
39 silly currentTree ├── postgres-date@1.0.4
39 silly currentTree ├── postgres-interval@1.2.0
39 silly currentTree ├── prepend-http@1.0.4
39 silly currentTree ├── process-nextick-args@2.0.0
39 silly currentTree ├── proxy-addr@2.0.5
39 silly currentTree ├── pseudomap@1.0.2
39 silly currentTree ├── pstree.remy@1.1.6
39 silly currentTree ├── qs@6.7.0
39 silly currentTree ├── range-parser@1.2.0
39 silly currentTree ├── raw-body@2.4.0
39 silly currentTree ├── rc@1.2.8
39 silly currentTree ├── readable-stream@2.3.6
39 silly currentTree ├── readdirp@2.2.1
39 silly currentTree ├── regex-not@1.0.2
39 silly currentTree ├── registry-auth-token@3.4.0
39 silly currentTree ├── registry-url@3.1.0
39 silly currentTree ├── remove-trailing-separator@1.1.0
39 silly currentTree ├── repeat-element@1.1.3
39 silly currentTree ├── repeat-string@1.6.1
39 silly currentTree ├── resolve-url@0.2.1
39 silly currentTree ├── ret@0.1.15
39 silly currentTree ├── safe-buffer@5.1.2
39 silly currentTree ├── safe-regex@1.1.0
39 silly currentTree ├── safer-buffer@2.1.2
39 silly currentTree ├── semver-diff@2.1.0
39 silly currentTree ├── semver@5.7.0
39 silly currentTree ├─┬ send@0.16.2
39 silly currentTree │ ├── http-errors@1.6.3
39 silly currentTree │ ├── setprototypeof@1.1.0
39 silly currentTree │ └── statuses@1.4.0
39 silly currentTree ├── serve-static@1.13.2
39 silly currentTree ├─┬ set-value@2.0.0
39 silly currentTree │ └── extend-shallow@2.0.1
39 silly currentTree ├── setprototypeof@1.1.1
39 silly currentTree ├── shebang-command@1.2.0
39 silly currentTree ├── shebang-regex@1.0.0
39 silly currentTree ├── signal-exit@3.0.2
39 silly currentTree ├─┬ snapdragon-node@2.1.1
39 silly currentTree │ ├── define-property@1.0.0
39 silly currentTree │ ├── is-accessor-descriptor@1.0.0
39 silly currentTree │ ├── is-data-descriptor@1.0.0
39 silly currentTree │ └── is-descriptor@1.0.2
39 silly currentTree ├─┬ snapdragon-util@3.0.1
39 silly currentTree │ └── kind-of@3.2.2
39 silly currentTree ├─┬ snapdragon@0.8.2
39 silly currentTree │ ├── define-property@0.2.5
39 silly currentTree │ └── extend-shallow@2.0.1
39 silly currentTree ├── source-map-resolve@0.5.2
39 silly currentTree ├── source-map-url@0.4.0
39 silly currentTree ├── source-map@0.5.7
39 silly currentTree ├── split-string@3.1.0
39 silly currentTree ├── split@1.0.1
39 silly currentTree ├─┬ static-extend@0.1.2
39 silly currentTree │ └── define-property@0.2.5
39 silly currentTree ├── statuses@1.5.0
39 silly currentTree ├── string_decoder@1.1.1
39 silly currentTree ├── string-width@2.1.1
39 silly currentTree ├── strip-ansi@4.0.0
39 silly currentTree ├── strip-eof@1.0.0
39 silly currentTree ├── strip-json-comments@2.0.1
39 silly currentTree ├── supports-color@5.5.0
39 silly currentTree ├── term-size@1.2.0
39 silly currentTree ├── through@2.3.8
39 silly currentTree ├── timed-out@4.0.1
39 silly currentTree ├─┬ to-object-path@0.3.0
39 silly currentTree │ └── kind-of@3.2.2
39 silly currentTree ├── to-regex-range@2.1.1
39 silly currentTree ├── to-regex@3.0.2
39 silly currentTree ├── toidentifier@1.0.0
39 silly currentTree ├── touch@3.1.0
39 silly currentTree ├── type-is@1.6.18
39 silly currentTree ├── undefsafe@2.0.2
39 silly currentTree ├─┬ union-value@1.0.0
39 silly currentTree │ ├── extend-shallow@2.0.1
39 silly currentTree │ └── set-value@0.4.3
39 silly currentTree ├── unique-string@1.0.0
39 silly currentTree ├── unpipe@1.0.0
39 silly currentTree ├─┬ unset-value@1.0.0
39 silly currentTree │ ├─┬ has-value@0.3.1
39 silly currentTree │ │ └── isobject@2.1.0
39 silly currentTree │ └── has-values@0.1.4
39 silly currentTree ├── unzip-response@2.0.1
39 silly currentTree ├── upath@1.1.2
39 silly currentTree ├── update-notifier@2.5.0
39 silly currentTree ├── urix@0.1.0
39 silly currentTree ├── url-parse-lax@1.0.0
39 silly currentTree ├── use@3.1.1
39 silly currentTree ├── util-deprecate@1.0.2
39 silly currentTree ├── utils-merge@1.0.1
39 silly currentTree ├── validator@5.7.0
39 silly currentTree ├── vary@1.1.2
39 silly currentTree ├── which@1.3.1
39 silly currentTree ├── widest-line@2.0.1
39 silly currentTree ├── write-file-atomic@2.4.2
39 silly currentTree ├── xdg-basedir@3.0.0
39 silly currentTree ├── xtend@4.0.1
39 silly currentTree └── yallist@2.1.2
40 silly idealTree bussiness_hawk@1.0.0
40 silly idealTree ├── abbrev@1.1.1
40 silly idealTree ├── accepts@1.3.7
40 silly idealTree ├── ansi-align@2.0.0
40 silly idealTree ├── ansi-regex@3.0.0
40 silly idealTree ├── ansi-styles@3.2.1
40 silly idealTree ├─┬ anymatch@2.0.0
40 silly idealTree │ └── normalize-path@2.1.1
40 silly idealTree ├── arr-diff@4.0.0
40 silly idealTree ├── arr-flatten@1.1.0
40 silly idealTree ├── arr-union@3.1.0
40 silly idealTree ├── array-flatten@1.1.1
40 silly idealTree ├── array-unique@0.3.2
40 silly idealTree ├── assign-symbols@1.0.0
40 silly idealTree ├── async-each@1.0.3
40 silly idealTree ├── atob@2.1.2
40 silly idealTree ├── balanced-match@1.0.0
40 silly idealTree ├─┬ base@0.11.2
40 silly idealTree │ ├── define-property@1.0.0
40 silly idealTree │ ├── is-accessor-descriptor@1.0.0
40 silly idealTree │ ├── is-data-descriptor@1.0.0
40 silly idealTree │ └── is-descriptor@1.0.2
40 silly idealTree ├── binary-extensions@1.13.1
40 silly idealTree ├── bluebird@3.4.7
40 silly idealTree ├── body-parser@1.19.0
40 silly idealTree ├── boxen@1.3.0
40 silly idealTree ├── brace-expansion@1.1.11
40 silly idealTree ├─┬ braces@2.3.2
40 silly idealTree │ └── extend-shallow@2.0.1
40 silly idealTree ├── buffer-writer@2.0.0
40 silly idealTree ├── bytes@3.1.0
40 silly idealTree ├── cache-base@1.0.1
40 silly idealTree ├── camelcase@4.1.0
40 silly idealTree ├── capture-stack-trace@1.0.1
40 silly idealTree ├── chalk@2.4.2
40 silly idealTree ├── chokidar@2.1.5
40 silly idealTree ├── ci-info@1.6.0
40 silly idealTree ├─┬ class-utils@0.3.6
40 silly idealTree │ └── define-property@0.2.5
40 silly idealTree ├── cli-boxes@1.0.0
40 silly idealTree ├── collection-visit@1.0.0
40 silly idealTree ├── color-convert@1.9.3
40 silly idealTree ├── color-name@1.1.3
40 silly idealTree ├── component-emitter@1.3.0
40 silly idealTree ├── concat-map@0.0.1
40 silly idealTree ├── configstore@3.1.2
40 silly idealTree ├── consign@0.1.6
40 silly idealTree ├── content-disposition@0.5.2
40 silly idealTree ├── content-type@1.0.4
40 silly idealTree ├── cookie-signature@1.0.6
40 silly idealTree ├── cookie@0.3.1
40 silly idealTree ├── copy-descriptor@0.1.1
40 silly idealTree ├── core-util-is@1.0.2
40 silly idealTree ├── create-error-class@3.0.2
40 silly idealTree ├── cross-spawn@5.1.0
40 silly idealTree ├── crypto-random-string@1.0.0
40 silly idealTree ├── debug@2.6.9
40 silly idealTree ├── decode-uri-component@0.2.0
40 silly idealTree ├── deep-extend@0.6.0
40 silly idealTree ├─┬ define-property@2.0.2
40 silly idealTree │ ├── is-accessor-descriptor@1.0.0
40 silly idealTree │ ├── is-data-descriptor@1.0.0
40 silly idealTree │ └── is-descriptor@1.0.2
40 silly idealTree ├── depd@1.1.2
40 silly idealTree ├── destroy@1.0.4
40 silly idealTree ├── dot-prop@4.2.0
40 silly idealTree ├── duplexer3@0.1.4
40 silly idealTree ├── ee-first@1.1.1
40 silly idealTree ├── ejs@2.6.1
40 silly idealTree ├── encodeurl@1.0.2
40 silly idealTree ├── escape-html@1.0.3
40 silly idealTree ├── escape-string-regexp@1.0.5
40 silly idealTree ├── etag@1.8.1
40 silly idealTree ├── execa@0.7.0
40 silly idealTree ├─┬ expand-brackets@2.1.4
40 silly idealTree │ ├── define-property@0.2.5
40 silly idealTree │ └── extend-shallow@2.0.1
40 silly idealTree ├── express-validator@2.21.0
40 silly idealTree ├─┬ express@4.16.4
40 silly idealTree │ ├── body-parser@1.18.3
40 silly idealTree │ ├── bytes@3.0.0
40 silly idealTree │ ├── http-errors@1.6.3
40 silly idealTree │ ├── iconv-lite@0.4.23
40 silly idealTree │ ├── qs@6.5.2
40 silly idealTree │ ├── raw-body@2.3.3
40 silly idealTree │ ├── setprototypeof@1.1.0
40 silly idealTree │ └── statuses@1.4.0
40 silly idealTree ├─┬ extend-shallow@3.0.2
40 silly idealTree │ └── is-extendable@1.0.1
40 silly idealTree ├─┬ extglob@2.0.4
40 silly idealTree │ ├── define-property@1.0.0
40 silly idealTree │ ├── extend-shallow@2.0.1
40 silly idealTree │ ├── is-accessor-descriptor@1.0.0
40 silly idealTree │ ├── is-data-descriptor@1.0.0
40 silly idealTree │ └── is-descriptor@1.0.2
40 silly idealTree ├─┬ fill-range@4.0.0
40 silly idealTree │ └── extend-shallow@2.0.1
40 silly idealTree ├─┬ finalhandler@1.1.1
40 silly idealTree │ └── statuses@1.4.0
40 silly idealTree ├── for-in@1.0.2
40 silly idealTree ├── forwarded@0.1.2
40 silly idealTree ├── fragment-cache@0.2.1
40 silly idealTree ├── fresh@0.5.2
40 silly idealTree ├── get-stream@3.0.0
40 silly idealTree ├── get-value@2.0.6
40 silly idealTree ├─┬ glob-parent@3.1.0
40 silly idealTree │ └── is-glob@3.1.0
40 silly idealTree ├── global-dirs@0.1.1
40 silly idealTree ├── got@6.7.1
40 silly idealTree ├── graceful-fs@4.1.15
40 silly idealTree ├── has-flag@3.0.0
40 silly idealTree ├── has-value@1.0.0
40 silly idealTree ├─┬ has-values@1.0.0
40 silly idealTree │ └── kind-of@4.0.0
40 silly idealTree ├── http-errors@1.7.2
40 silly idealTree ├── iconv-lite@0.4.24
40 silly idealTree ├── ignore-by-default@1.0.1
40 silly idealTree ├── import-lazy@2.1.0
40 silly idealTree ├── imurmurhash@0.1.4
40 silly idealTree ├── inherits@2.0.3
40 silly idealTree ├── ini@1.3.5
40 silly idealTree ├── ipaddr.js@1.9.0
40 silly idealTree ├─┬ is-accessor-descriptor@0.1.6
40 silly idealTree │ └── kind-of@3.2.2
40 silly idealTree ├── is-binary-path@1.0.1
40 silly idealTree ├── is-buffer@1.1.6
40 silly idealTree ├── is-ci@1.2.1
40 silly idealTree ├─┬ is-data-descriptor@0.1.4
40 silly idealTree │ └── kind-of@3.2.2
40 silly idealTree ├─┬ is-descriptor@0.1.6
40 silly idealTree │ └── kind-of@5.1.0
40 silly idealTree ├── is-extendable@0.1.1
40 silly idealTree ├── is-extglob@2.1.1
40 silly idealTree ├── is-fullwidth-code-point@2.0.0
40 silly idealTree ├── is-glob@4.0.1
40 silly idealTree ├── is-installed-globally@0.1.0
40 silly idealTree ├── is-npm@1.0.0
40 silly idealTree ├─┬ is-number@3.0.0
40 silly idealTree │ └── kind-of@3.2.2
40 silly idealTree ├── is-obj@1.0.1
40 silly idealTree ├── is-path-inside@1.0.1
40 silly idealTree ├── is-plain-object@2.0.4
40 silly idealTree ├── is-redirect@1.0.0
40 silly idealTree ├── is-retry-allowed@1.1.0
40 silly idealTree ├── is-stream@1.1.0
40 silly idealTree ├── is-windows@1.0.2
40 silly idealTree ├── isarray@1.0.0
40 silly idealTree ├── isexe@2.0.0
40 silly idealTree ├── isobject@3.0.1
40 silly idealTree ├── kind-of@6.0.2
40 silly idealTree ├── latest-version@3.1.0
40 silly idealTree ├── lodash@4.16.6
40 silly idealTree ├── lowercase-keys@1.0.1
40 silly idealTree ├── lru-cache@4.1.5
40 silly idealTree ├── make-dir@1.3.0
40 silly idealTree ├── map-cache@0.2.2
40 silly idealTree ├── map-visit@1.0.0
40 silly idealTree ├── media-typer@0.3.0
40 silly idealTree ├── merge-descriptors@1.0.1
40 silly idealTree ├── methods@1.1.2
40 silly idealTree ├── micromatch@3.1.10
40 silly idealTree ├── mime-db@1.40.0
40 silly idealTree ├── mime-types@2.1.24
40 silly idealTree ├── mime@1.4.1
40 silly idealTree ├── minimatch@3.0.4
40 silly idealTree ├── minimist@1.2.0
40 silly idealTree ├─┬ mixin-deep@1.3.1
40 silly idealTree │ └── is-extendable@1.0.1
40 silly idealTree ├── ms@2.0.0
40 silly idealTree ├── nanomatch@1.2.13
40 silly idealTree ├── negotiator@0.6.2
40 silly idealTree ├── nodemailer@6.1.1
40 silly idealTree ├─┬ nodemon@1.19.0
40 silly idealTree │ ├── debug@3.2.6
40 silly idealTree │ └── ms@2.1.1
40 silly idealTree ├── nopt@1.0.10
40 silly idealTree ├── normalize-path@3.0.0
40 silly idealTree ├── npm-run-path@2.0.2
40 silly idealTree ├─┬ object-copy@0.1.0
40 silly idealTree │ ├── define-property@0.2.5
40 silly idealTree │ └── kind-of@3.2.2
40 silly idealTree ├── object-visit@1.0.1
40 silly idealTree ├── object.pick@1.3.0
40 silly idealTree ├── on-finished@2.3.0
40 silly idealTree ├── p-finally@1.0.0
40 silly idealTree ├── package-json@4.0.1
40 silly idealTree ├── packet-reader@1.0.0
40 silly idealTree ├── parseurl@1.3.3
40 silly idealTree ├── pascalcase@0.1.1
40 silly idealTree ├── path-dirname@1.0.2
40 silly idealTree ├── path-is-absolute@1.0.1
40 silly idealTree ├── path-is-inside@1.0.2
40 silly idealTree ├── path-key@2.0.1
40 silly idealTree ├── path-to-regexp@0.1.7
40 silly idealTree ├── pg-connection-string@0.1.3
40 silly idealTree ├── pg-int8@1.0.1
40 silly idealTree ├── pg-pool@2.0.6
40 silly idealTree ├── pg-types@2.0.1
40 silly idealTree ├─┬ pg@7.10.0
40 silly idealTree │ └── semver@4.3.2
40 silly idealTree ├── pgpass@1.0.2
40 silly idealTree ├── pify@3.0.0
40 silly idealTree ├── posix-character-classes@0.1.1
40 silly idealTree ├── postgres-array@2.0.0
40 silly idealTree ├── postgres-bytea@1.0.0
40 silly idealTree ├── postgres-date@1.0.4
40 silly idealTree ├── postgres-interval@1.2.0
40 silly idealTree ├── prepend-http@1.0.4
40 silly idealTree ├── process-nextick-args@2.0.0
40 silly idealTree ├── proxy-addr@2.0.5
40 silly idealTree ├── pseudomap@1.0.2
40 silly idealTree ├── pstree.remy@1.1.6
40 silly idealTree ├── qs@6.7.0
40 silly idealTree ├── range-parser@1.2.0
40 silly idealTree ├── raw-body@2.4.0
40 silly idealTree ├── rc@1.2.8
40 silly idealTree ├── readable-stream@2.3.6
40 silly idealTree ├── readdirp@2.2.1
40 silly idealTree ├── regex-not@1.0.2
40 silly idealTree ├── registry-auth-token@3.4.0
40 silly idealTree ├── registry-url@3.1.0
40 silly idealTree ├── remove-trailing-separator@1.1.0
40 silly idealTree ├── repeat-element@1.1.3
40 silly idealTree ├── repeat-string@1.6.1
40 silly idealTree ├── resolve-url@0.2.1
40 silly idealTree ├── ret@0.1.15
40 silly idealTree ├── safe-buffer@5.1.2
40 silly idealTree ├── safe-regex@1.1.0
40 silly idealTree ├── safer-buffer@2.1.2
40 silly idealTree ├── semver-diff@2.1.0
40 silly idealTree ├── semver@5.7.0
40 silly idealTree ├─┬ send@0.16.2
40 silly idealTree │ ├── http-errors@1.6.3
40 silly idealTree │ ├── setprototypeof@1.1.0
40 silly idealTree │ └── statuses@1.4.0
40 silly idealTree ├── serve-static@1.13.2
40 silly idealTree ├─┬ set-value@2.0.0
40 silly idealTree │ └── extend-shallow@2.0.1
40 silly idealTree ├── setprototypeof@1.1.1
40 silly idealTree ├── shebang-command@1.2.0
40 silly idealTree ├── shebang-regex@1.0.0
40 silly idealTree ├── signal-exit@3.0.2
40 silly idealTree ├─┬ snapdragon-node@2.1.1
40 silly idealTree │ ├── define-property@1.0.0
40 silly idealTree │ ├── is-accessor-descriptor@1.0.0
40 silly idealTree │ ├── is-data-descriptor@1.0.0
40 silly idealTree │ └── is-descriptor@1.0.2
40 silly idealTree ├─┬ snapdragon-util@3.0.1
40 silly idealTree │ └── kind-of@3.2.2
40 silly idealTree ├─┬ snapdragon@0.8.2
40 silly idealTree │ ├── define-property@0.2.5
40 silly idealTree │ └── extend-shallow@2.0.1
40 silly idealTree ├── source-map-resolve@0.5.2
40 silly idealTree ├── source-map-url@0.4.0
40 silly idealTree ├── source-map@0.5.7
40 silly idealTree ├── split-string@3.1.0
40 silly idealTree ├── split@1.0.1
40 silly idealTree ├─┬ static-extend@0.1.2
40 silly idealTree │ └── define-property@0.2.5
40 silly idealTree ├── statuses@1.5.0
40 silly idealTree ├── string_decoder@1.1.1
40 silly idealTree ├── string-width@2.1.1
40 silly idealTree ├── strip-ansi@4.0.0
40 silly idealTree ├── strip-eof@1.0.0
40 silly idealTree ├── strip-json-comments@2.0.1
40 silly idealTree ├── supports-color@5.5.0
40 silly idealTree ├── term-size@1.2.0
40 silly idealTree ├── through@2.3.8
40 silly idealTree ├── timed-out@4.0.1
40 silly idealTree ├─┬ to-object-path@0.3.0
40 silly idealTree │ └── kind-of@3.2.2
40 silly idealTree ├── to-regex-range@2.1.1
40 silly idealTree ├── to-regex@3.0.2
40 silly idealTree ├── toidentifier@1.0.0
40 silly idealTree ├── touch@3.1.0
40 silly idealTree ├── type-is@1.6.18
40 silly idealTree ├── undefsafe@2.0.2
40 silly idealTree ├─┬ union-value@1.0.0
40 silly idealTree │ ├── extend-shallow@2.0.1
40 silly idealTree │ └── set-value@0.4.3
40 silly idealTree ├── unique-string@1.0.0
40 silly idealTree ├── unpipe@1.0.0
40 silly idealTree ├─┬ unset-value@1.0.0
40 silly idealTree │ ├─┬ has-value@0.3.1
40 silly idealTree │ │ └── isobject@2.1.0
40 silly idealTree │ └── has-values@0.1.4
40 silly idealTree ├── unzip-response@2.0.1
40 silly idealTree ├── upath@1.1.2
40 silly idealTree ├── update-notifier@2.5.0
40 silly idealTree ├── urix@0.1.0
40 silly idealTree ├── url-parse-lax@1.0.0
40 silly idealTree ├── use@3.1.1
40 silly idealTree ├── util-deprecate@1.0.2
40 silly idealTree ├── utils-merge@1.0.1
40 silly idealTree ├── validator@5.7.0
40 silly idealTree ├── vary@1.1.2
40 silly idealTree ├── which@1.3.1
40 silly idealTree ├── widest-line@2.0.1
40 silly idealTree ├── write-file-atomic@2.4.2
40 silly idealTree ├── xdg-basedir@3.0.0
40 silly idealTree ├── xtend@4.0.1
40 silly idealTree └── yallist@2.1.2
41 silly generateActionsToTake Starting
42 silly install generateActionsToTake
43 silly generateActionsToTake Finishing
44 silly diffTrees action count 0
45 silly decomposeActions action count 0
46 silly executeActions Starting
47 silly install executeActions
48 silly doSerial global-install 0
49 silly doParallel fetch 0
50 verbose lock using /home/mateus/.npm/_locks/staging-d1e1d66254bbcc02.lock for /home/mateus/Área de Trabalho/businesshawk/node_modules/.staging
51 verbose unlock done using /home/mateus/.npm/_locks/staging-d1e1d66254bbcc02.lock for /home/mateus/Área de Trabalho/businesshawk/node_modules/.staging
52 silly rollbackFailedOptional Starting
53 silly rollbackFailedOptional Finishing
54 silly runTopLevelLifecycles Starting
55 silly runTopLevelLifecycles Finishing
56 silly install printInstalled
57 warn optional Skipping failed optional dependency /chokidar/fsevents:
58 warn notsup Not compatible with your operating system or architecture: fsevents@1.2.9
59 warn bussiness_hawk@1.0.0 No repository field.
60 verbose stack Error: EACCES: permission denied, mkdir '/home/mateus/Área de Trabalho/businesshawk/node_modules/.staging'
61 verbose cwd /home/mateus/Área de Trabalho/businesshawk
62 error Linux 4.15.0-20-generic
63 error argv "/usr/bin/node" "/usr/bin/npm" "install"
64 error node v8.10.0
65 error npm  v3.5.2
66 error path /home/mateus/Área de Trabalho/businesshawk/node_modules/.staging
67 error code EACCES
68 error errno -13
69 error syscall mkdir
70 error Error: EACCES: permission denied, mkdir '/home/mateus/Área de Trabalho/businesshawk/node_modules/.staging'
70 error  { Error: EACCES: permission denied, mkdir '/home/mateus/Área de Trabalho/businesshawk/node_modules/.staging'
70 error   errno: -13,
70 error   code: 'EACCES',
70 error   syscall: 'mkdir',
70 error   path: '/home/mateus/Área de Trabalho/businesshawk/node_modules/.staging' }
71 error Please try running this command again as root/Administrator.
72 verbose exit [ -13, true ]
